mode: set
/Users/amborish/Projects/cb-mc-service/internal/services/ethoca_webhook_service.go:22.112,27.2 1 1
/Users/amborish/Projects/cb-mc-service/internal/services/ethoca_webhook_service.go:30.139,38.43 3 1
/Users/amborish/Projects/cb-mc-service/internal/services/ethoca_webhook_service.go:38.43,40.17 2 1
/Users/amborish/Projects/cb-mc-service/internal/services/ethoca_webhook_service.go:40.17,62.4 2 1
/Users/amborish/Projects/cb-mc-service/internal/services/ethoca_webhook_service.go:64.3,64.54 1 1
/Users/amborish/Projects/cb-mc-service/internal/services/ethoca_webhook_service.go:67.2,76.28 3 1
/Users/amborish/Projects/cb-mc-service/internal/services/ethoca_webhook_service.go:80.127,104.51 3 1
/Users/amborish/Projects/cb-mc-service/internal/services/ethoca_webhook_service.go:104.51,112.3 4 1
/Users/amborish/Projects/cb-mc-service/internal/services/ethoca_webhook_service.go:115.2,115.25 1 1
/Users/amborish/Projects/cb-mc-service/internal/services/ethoca_webhook_service.go:116.38,117.61 1 1
/Users/amborish/Projects/cb-mc-service/internal/services/ethoca_webhook_service.go:117.61,121.4 3 0
/Users/amborish/Projects/cb-mc-service/internal/services/ethoca_webhook_service.go:122.50,123.63 1 1
/Users/amborish/Projects/cb-mc-service/internal/services/ethoca_webhook_service.go:123.63,127.4 3 0
/Users/amborish/Projects/cb-mc-service/internal/services/ethoca_webhook_service.go:128.10,129.61 1 1
/Users/amborish/Projects/cb-mc-service/internal/services/ethoca_webhook_service.go:129.61,133.4 3 0
/Users/amborish/Projects/cb-mc-service/internal/services/ethoca_webhook_service.go:136.2,148.8 3 1
/Users/amborish/Projects/cb-mc-service/internal/services/ethoca_webhook_service.go:152.84,154.76 1 1
/Users/amborish/Projects/cb-mc-service/internal/services/ethoca_webhook_service.go:154.76,156.3 1 1
/Users/amborish/Projects/cb-mc-service/internal/services/ethoca_webhook_service.go:158.2,158.70 1 1
/Users/amborish/Projects/cb-mc-service/internal/services/ethoca_webhook_service.go:158.70,160.3 1 1
/Users/amborish/Projects/cb-mc-service/internal/services/ethoca_webhook_service.go:162.2,162.12 1 1
/Users/amborish/Projects/cb-mc-service/internal/services/ethoca_webhook_service.go:166.109,181.2 2 1
/Users/amborish/Projects/cb-mc-service/internal/services/ethoca_webhook_service.go:184.111,199.2 2 1
/Users/amborish/Projects/cb-mc-service/internal/services/ethoca_webhook_service.go:202.109,214.2 2 1
/Users/amborish/Projects/cb-mc-service/internal/services/ethoca_webhook_service.go:217.73,219.2 1 1
/Users/amborish/Projects/cb-mc-service/internal/services/ethoca_webhook_service.go:222.34,224.2 1 1
/Users/amborish/Projects/cb-mc-service/internal/services/ethoca_webhook_service.go:226.28,228.2 1 1
